Arguments: 
  /Users/salr/.nvm/versions/node/v6.10.3/bin/node /usr/local/Cellar/yarn/1.7.0/libexec/bin/yarn.js add @types/csstype

PATH: 
  /Users/salr/.nvm/versions/node/v6.10.3/bin:/Users/salr/.cargo/bin:/usr/local/bin:/usr/bin:/bin:/usr/sbin:/sbin:/usr/local/share/dotnet:/usr/local/go/bin:/Library/Frameworks/Mono.framework/Versions/Current/Commands:/Applications/Wireshark.app/Contents/MacOS:/Applications/Xamarin Workbooks.app/Contents/SharedSupport/path-bin://Users/salr/custom_bins:/Users/salr/go/bin:/Applications/Postgres.app/Contents//Versions/9.6/bin

Yarn version: 
  1.7.0

Node version: 
  6.10.3

Platform: 
  darwin x64

Trace: 
  Error: https://registry.yarnpkg.com/@types%2fcsstype: Not found
      at Request.params.callback [as _callback] (/usr/local/Cellar/yarn/1.7.0/libexec/lib/cli.js:65656:18)
      at Request.self.callback (/usr/local/Cellar/yarn/1.7.0/libexec/lib/cli.js:134675:22)
      at emitTwo (events.js:106:13)
      at Request.emit (events.js:191:7)
      at Request.<anonymous> (/usr/local/Cellar/yarn/1.7.0/libexec/lib/cli.js:135658:10)
      at emitOne (events.js:96:13)
      at Request.emit (events.js:188:7)
      at IncomingMessage.<anonymous> (/usr/local/Cellar/yarn/1.7.0/libexec/lib/cli.js:135578:12)
      at IncomingMessage.g (events.js:292:16)
      at emitNone (events.js:91:20)

npm manifest: 
  {
    "devDependencies": {
      "@types/react": "^16.4.12",
      "@types/react-dom": "^16.0.7",
      "typescript": "^3.0.1"
    }
  }

yarn manifest: 
  No manifest

Lockfile: 
  # THIS IS AN AUTOGENERATED FILE. DO NOT EDIT THIS FILE DIRECTLY.
  # yarn lockfile v1
  
  
  "@types/node@*":
    version "10.9.2"
    resolved "https://registry.yarnpkg.com/@types/node/-/node-10.9.2.tgz#f0ab8dced5cd6c56b26765e1c0d9e4fdcc9f2a00"
  
  "@types/prop-types@*":
    version "15.5.5"
    resolved "https://registry.yarnpkg.com/@types/prop-types/-/prop-types-15.5.5.tgz#17038dd322c2325f5da650a94d5f9974943625e3"
    dependencies:
      "@types/react" "*"
  
  "@types/react-dom@^16.0.7":
    version "16.0.7"
    resolved "https://registry.yarnpkg.com/@types/react-dom/-/react-dom-16.0.7.tgz#54d0f867a76b90597e8432030d297982f25c20ba"
    dependencies:
      "@types/node" "*"
      "@types/react" "*"
  
  "@types/react@*", "@types/react@^16.4.12":
    version "16.4.12"
    resolved "https://registry.yarnpkg.com/@types/react/-/react-16.4.12.tgz#c554005770b06c7cbcd6b0b19721e180deab7a02"
    dependencies:
      "@types/prop-types" "*"
      csstype "^2.2.0"
  
  csstype@^2.2.0:
    version "2.5.6"
    resolved "https://registry.yarnpkg.com/csstype/-/csstype-2.5.6.tgz#2ae1db2319642d8b80a668d2d025c6196071e788"
  
  typescript@^3.0.1:
    version "3.0.1"
    resolved "https://registry.yarnpkg.com/typescript/-/typescript-3.0.1.tgz#43738f29585d3a87575520a4b93ab6026ef11fdb"
